This file contains any messages produced by compilers while
running configure, to aid debugging if configure makes a mistake.

It was created by libsamplerate configure 0.1.8, which was
generated by GNU Autoconf 2.68.  Invocation command line was

  $ ./configure 

## --------- ##
## Platform. ##
## --------- ##

hostname = Hiro-PC
uname -m = x86_64
uname -r = 2.7.0(0.306/5/3)
uname -s = MINGW64_NT-10.0
uname -v = 2017-02-14 08:57

/usr/bin/uname -p = unknown
/bin/uname -X     = unknown

/bin/arch              = x86_64
/usr/bin/arch -k       = unknown
/usr/convex/getsysinfo = unknown
/usr/bin/hostinfo      = unknown
/bin/machine           = unknown
/usr/bin/oslevel       = unknown
/bin/universe          = unknown

PATH: /mingw64/bin
PATH: /usr/local/bin
PATH: /usr/bin
PATH: /bin
PATH: /c/Windows/System32
PATH: /c/Windows
PATH: /c/Windows/System32/Wbem
PATH: /c/Windows/System32/WindowsPowerShell/v1.0/
PATH: /usr/bin/site_perl
PATH: /usr/bin/vendor_perl
PATH: /usr/bin/core_perl


## ----------- ##
## Core tests. ##
## ----------- ##

configure:2456: loading site script /mingw64/etc/config.site
| # This file is in public domain.
| # Original author: Karlson2k (Evgeny Grin)
| # Written for MSys2/MinGW64 to help running 'configure' scripts
| 
| # Defaults for MinGW64-targeted programs
| 
| # Set proper selfname on bash and fallback to default name on other shells
| test -n "${BASH_SOURCE}" 2>/dev/null && config_site_me="${BASH_SOURCE[0]##*/}" || config_site_me=config.site
| 
| # Set default 'host' to speedup configure
| if test -z "$build_alias"; then
|   build_alias="${MSYSTEM_CHOST-x86_64-w64-mingw32}" && \
|     $as_echo "$config_site_me:${as_lineno-$LINENO}: default build_alias set to $build_alias" >&5 
| fi
| 
| # Set default 'prefix' to "/mingw64"
| if ( test -z "$prefix" || test "x$prefix" = "xNONE" ) && \
|    ( test -z "$exec_prefix" || test "x$exec_prefix" = "xNONE" ); then
|   prefix="${MSYSTEM_PREFIX-/mingw64}" && \
|     $as_echo "$config_site_me:${as_lineno-$LINENO}: default prefix set to $prefix" >&5
| fi
config.site:13: default build_alias set to x86_64-w64-mingw32
config.site:20: default prefix set to /mingw64
configure:2589: checking build system type
configure:2603: result: x86_64-w64-mingw32
configure:2623: checking host system type
configure:2636: result: x86_64-w64-mingw32
configure:2656: checking target system type
configure:2669: result: x86_64-w64-mingw32
configure:2716: checking for a BSD-compatible install
configure:2784: result: /usr/bin/install -c
configure:2795: checking whether build environment is sane
configure:2845: result: yes
configure:2986: checking for a thread-safe mkdir -p
configure:3025: result: /usr/bin/mkdir -p
configure:3038: checking for gawk
configure:3054: found /usr/bin/gawk
configure:3065: result: gawk
configure:3076: checking whether make sets $(MAKE)
configure:3098: result: yes
configure:3249: checking for gcc
configure:3265: found /mingw64/bin/gcc
configure:3276: result: gcc
configure:3505: checking for C compiler version
configure:3514: gcc --version >&5
gcc.exe (Rev1, Built by MSYS2 project) 6.3.0
Copyright (C) 2016 Free Software Foundation, Inc.
This is free software; see the source for copying conditions.  There is NO
warranty; not even for MERCHANTABILITY or FITNESS FOR A PARTICULAR PURPOSE.

configure:3525: $? = 0
configure:3514: gcc -v >&5
Using built-in specs.
COLLECT_GCC=C:\msys64\mingw64\bin\gcc.exe
COLLECT_LTO_WRAPPER=C:/msys64/mingw64/bin/../lib/gcc/x86_64-w64-mingw32/6.3.0/lto-wrapper.exe
Target: x86_64-w64-mingw32
Configured with: ../gcc-6.3.0/configure --prefix=/mingw64 --with-local-prefix=/mingw64/local --build=x86_64-w64-mingw32 --host=x86_64-w64-mingw32 --target=x86_64-w64-mingw32 --with-native-system-header-dir=/mingw64/x86_64-w64-mingw32/include --libexecdir=/mingw64/lib --enable-bootstrap --with-arch=x86-64 --with-tune=generic --enable-languages=c,lto,c++,objc,obj-c++,fortran,ada --enable-shared --enable-static --enable-libatomic --enable-threads=posix --enable-graphite --enable-fully-dynamic-string --enable-libstdcxx-time=yes --disable-libstdcxx-pch --disable-libstdcxx-debug --disable-isl-version-check --enable-lto --enable-libgomp --disable-multilib --enable-checking=release --disable-rpath --disable-win32-registry --disable-nls --disable-werror --disable-symvers --with-libiconv --with-system-zlib --with-gmp=/mingw64 --with-mpfr=/mingw64 --with-mpc=/mingw64 --with-isl=/mingw64 --with-pkgversion='Rev1, Built by MSYS2 project' --with-bugurl=https://sourceforge.net/projects/msys2 --with-gnu-as --with-gnu-ld
Thread model: posix
gcc version 6.3.0 (Rev1, Built by MSYS2 project) 
configure:3525: $? = 0
configure:3514: gcc -V >&5
gcc.exe: error: unrecognized command line option '-V'
gcc.exe: fatal error: no input files
compilation terminated.
configure:3525: $? = 1
configure:3514: gcc -qversion >&5
gcc.exe: error: unrecognized command line option '-qversion'; did you mean '--version'?
gcc.exe: fatal error: no input files
compilation terminated.
configure:3525: $? = 1
configure:3545: checking whether the C compiler works
configure:3567: gcc    conftest.c  >&5
configure:3571: $? = 0
configure:3619: result: yes
configure:3622: checking for C compiler default output file name
configure:3624: result: a.exe
configure:3630: checking for suffix of executables
configure:3637: gcc -o conftest.exe    conftest.c  >&5
configure:3641: $? = 0
configure:3663: result: .exe
configure:3685: checking whether we are cross compiling
configure:3693: gcc -o conftest.exe    conftest.c  >&5
configure:3697: $? = 0
configure:3704: ./conftest.exe
configure:3708: $? = 0
configure:3723: result: no
configure:3728: checking for suffix of object files
configure:3750: gcc -c   conftest.c >&5
configure:3754: $? = 0
configure:3775: result: o
configure:3779: checking whether we are using the GNU C compiler
configure:3798: gcc -c   conftest.c >&5
configure:3798: $? = 0
configure:3807: result: yes
configure:3816: checking whether gcc accepts -g
configure:3836: gcc -c -g  conftest.c >&5
configure:3836: $? = 0
configure:3877: result: yes
configure:3894: checking for gcc option to accept ISO C89
configure:3958: gcc  -c -g -O2  conftest.c >&5
configure:3958: $? = 0
configure:3971: result: none needed
configure:4002: checking for style of include used by make
configure:4030: result: GNU
configure:4055: checking dependency style of gcc
configure:4165: result: gcc3
configure:4181: checking whether gcc and cc understand -c and -o together
configure:4212: gcc -c conftest.c -o conftest2.o >&5
configure:4216: $? = 0
configure:4222: gcc -c conftest.c -o conftest2.o >&5
configure:4226: $? = 0
configure:4237: cc -c conftest.c >&5
configure:4241: $? = 0
configure:4249: cc -c conftest.c -o conftest2.o >&5
configure:4253: $? = 0
configure:4259: cc -c conftest.c -o conftest2.o >&5
configure:4263: $? = 0
configure:4281: result: yes
configure:4364: checking for g++
configure:4380: found /mingw64/bin/g++
configure:4391: result: g++
configure:4418: checking for C++ compiler version
configure:4427: g++ --version >&5
g++.exe (Rev1, Built by MSYS2 project) 6.3.0
Copyright (C) 2016 Free Software Foundation, Inc.
This is free software; see the source for copying conditions.  There is NO
warranty; not even for MERCHANTABILITY or FITNESS FOR A PARTICULAR PURPOSE.

configure:4438: $? = 0
configure:4427: g++ -v >&5
Using built-in specs.
COLLECT_GCC=C:\msys64\mingw64\bin\g++.exe
COLLECT_LTO_WRAPPER=C:/msys64/mingw64/bin/../lib/gcc/x86_64-w64-mingw32/6.3.0/lto-wrapper.exe
Target: x86_64-w64-mingw32
Configured with: ../gcc-6.3.0/configure --prefix=/mingw64 --with-local-prefix=/mingw64/local --build=x86_64-w64-mingw32 --host=x86_64-w64-mingw32 --target=x86_64-w64-mingw32 --with-native-system-header-dir=/mingw64/x86_64-w64-mingw32/include --libexecdir=/mingw64/lib --enable-bootstrap --with-arch=x86-64 --with-tune=generic --enable-languages=c,lto,c++,objc,obj-c++,fortran,ada --enable-shared --enable-static --enable-libatomic --enable-threads=posix --enable-graphite --enable-fully-dynamic-string --enable-libstdcxx-time=yes --disable-libstdcxx-pch --disable-libstdcxx-debug --disable-isl-version-check --enable-lto --enable-libgomp --disable-multilib --enable-checking=release --disable-rpath --disable-win32-registry --disable-nls --disable-werror --disable-symvers --with-libiconv --with-system-zlib --with-gmp=/mingw64 --with-mpfr=/mingw64 --with-mpc=/mingw64 --with-isl=/mingw64 --with-pkgversion='Rev1, Built by MSYS2 project' --with-bugurl=https://sourceforge.net/projects/msys2 --with-gnu-as --with-gnu-ld
Thread model: posix
gcc version 6.3.0 (Rev1, Built by MSYS2 project) 
configure:4438: $? = 0
configure:4427: g++ -V >&5
g++.exe: error: unrecognized command line option '-V'
g++.exe: fatal error: no input files
compilation terminated.
configure:4438: $? = 1
configure:4427: g++ -qversion >&5
g++.exe: error: unrecognized command line option '-qversion'; did you mean '--version'?
g++.exe: fatal error: no input files
compilation terminated.
configure:4438: $? = 1
configure:4442: checking whether we are using the GNU C++ compiler
configure:4461: g++ -c   conftest.cpp >&5
configure:4461: $? = 0
configure:4470: result: yes
configure:4479: checking whether g++ accepts -g
configure:4499: g++ -c -g  conftest.cpp >&5
configure:4499: $? = 0
configure:4540: result: yes
configure:4565: checking dependency style of g++
configure:4675: result: gcc3
configure:4690: checking for a sed that does not truncate output
configure:4754: result: /usr/bin/sed
configure:4808: checking how to print strings
configure:4835: result: printf
configure:4856: checking for a sed that does not truncate output
configure:4920: result: /usr/bin/sed
configure:4938: checking for grep that handles long lines and -e
configure:4996: result: /usr/bin/grep
configure:5001: checking for egrep
configure:5063: result: /usr/bin/grep -E
configure:5068: checking for fgrep
configure:5130: result: /usr/bin/grep -F
configure:5165: checking for ld used by gcc
configure:5232: result: C:/msys64/mingw64/x86_64-w64-mingw32/bin/ld.exe
configure:5239: checking if the linker (C:/msys64/mingw64/x86_64-w64-mingw32/bin/ld.exe) is GNU ld
configure:5254: result: yes
configure:5266: checking for BSD- or MS-compatible name lister (nm)
configure:5315: result: /mingw64/bin/nm -B
configure:5445: checking the name lister (/mingw64/bin/nm -B) interface
configure:5452: gcc -c -g -O2  conftest.c >&5
configure:5455: /mingw64/bin/nm -B "conftest.o"
configure:5458: output
0000000000000000 b .bss
0000000000000000 d .data
0000000000000000 N .debug_abbrev
0000000000000000 N .debug_aranges
0000000000000000 N .debug_info
0000000000000000 N .debug_line
0000000000000000 r .rdata$zzz
0000000000000000 t .text
0000000000000000 B some_variable
configure:5465: result: BSD nm
configure:5468: checking whether ln -s works
configure:5475: result: no, using cp -p
configure:5480: checking the maximum length of command line arguments
configure:5605: result: 8192
configure:5622: checking whether the shell understands some XSI constructs
configure:5632: result: yes
configure:5636: checking whether the shell understands "+="
configure:5642: result: yes
configure:5677: checking how to convert x86_64-w64-mingw32 file names to x86_64-w64-mingw32 format
configure:5717: result: func_convert_file_msys_to_w32
configure:5724: checking how to convert x86_64-w64-mingw32 file names to toolchain format
configure:5744: result: func_convert_file_msys_to_w32
configure:5751: checking for C:/msys64/mingw64/x86_64-w64-mingw32/bin/ld.exe option to reload object files
configure:5758: result: -r
configure:5832: checking for objdump
configure:5848: found /mingw64/bin/objdump
configure:5859: result: objdump
configure:5891: checking how to recognize dependent libraries
configure:6093: result: file_magic ^x86 archive import|^x86 DLL
configure:6178: checking for dlltool
configure:6194: found /mingw64/bin/dlltool
configure:6205: result: dlltool
configure:6238: checking how to associate runtime and link libraries
configure:6265: result: func_cygming_dll_for_implib
configure:6326: checking for ar
configure:6342: found /mingw64/bin/ar
configure:6353: result: ar
configure:6390: checking for archiver @FILE support
configure:6407: gcc -c -g -O2  conftest.c >&5
configure:6407: $? = 0
configure:6410: ar cru libconftest.a @conftest.lst >&5
configure:6413: $? = 0
configure:6418: ar cru libconftest.a @conftest.lst >&5
C:\msys64\mingw64\bin\ar.exe: conftest.o: No such file or directory
configure:6421: $? = 1
configure:6433: result: @
configure:6491: checking for strip
configure:6507: found /mingw64/bin/strip
configure:6518: result: strip
configure:6590: checking for ranlib
configure:6606: found /mingw64/bin/ranlib
configure:6617: result: ranlib
configure:6719: checking command to parse /mingw64/bin/nm -B output from gcc object
configure:6838: gcc -c -g -O2  conftest.c >&5
configure:6841: $? = 0
configure:6845: /mingw64/bin/nm -B conftest.o \| sed -n -e 's/^.*[ ]\([ABCDGIRSTW][ABCDGIRSTW]*\)[ ][ ]*\([_A-Za-z][_A-Za-z0-9]*\)\{0,1\}$/\1 \2 \2/p' | sed '/ __gnu_lto/d' \> conftest.nm
configure:6848: $? = 0
configure:6914: gcc -o conftest.exe -g -O2   conftest.c conftstm.o >&5
configure:6917: $? = 0
configure:6955: result: ok
configure:6992: checking for sysroot
configure:7022: result: no
configure:7265: checking for mt
configure:7295: result: no
configure:7315: checking if : is a manifest tool
configure:7321: : '-?'
configure:7329: result: no
configure:7961: checking how to run the C preprocessor
configure:7992: gcc -E  conftest.c
configure:7992: $? = 0
configure:8006: gcc -E  conftest.c
conftest.c:11:28: fatal error: ac_nonexistent.h: No such file or directory
 #include <ac_nonexistent.h>
                            ^
compilation terminated.
configure:8006: $? = 1
configure: failed program was:
| /* confdefs.h */
| #define PACKAGE_NAME "libsamplerate"
| #define PACKAGE_TARNAME "libsamplerate"
| #define PACKAGE_VERSION "0.1.8"
| #define PACKAGE_STRING "libsamplerate 0.1.8"
| #define PACKAGE_BUGREPORT "erikd@mega-nerd.com"
| #define PACKAGE_URL "http://www.mega-nerd.com/libsamplerate/"
| #define PACKAGE "libsamplerate"
| #define VERSION "0.1.8"
| /* end confdefs.h.  */
| #include <ac_nonexistent.h>
configure:8031: result: gcc -E
configure:8051: gcc -E  conftest.c
configure:8051: $? = 0
configure:8065: gcc -E  conftest.c
conftest.c:11:28: fatal error: ac_nonexistent.h: No such file or directory
 #include <ac_nonexistent.h>
                            ^
compilation terminated.
configure:8065: $? = 1
configure: failed program was:
| /* confdefs.h */
| #define PACKAGE_NAME "libsamplerate"
| #define PACKAGE_TARNAME "libsamplerate"
| #define PACKAGE_VERSION "0.1.8"
| #define PACKAGE_STRING "libsamplerate 0.1.8"
| #define PACKAGE_BUGREPORT "erikd@mega-nerd.com"
| #define PACKAGE_URL "http://www.mega-nerd.com/libsamplerate/"
| #define PACKAGE "libsamplerate"
| #define VERSION "0.1.8"
| /* end confdefs.h.  */
| #include <ac_nonexistent.h>
configure:8094: checking for ANSI C header files
configure:8114: gcc -c -g -O2  conftest.c >&5
configure:8114: $? = 0
configure:8187: gcc -o conftest.exe -g -O2   conftest.c  >&5
configure:8187: $? = 0
configure:8187: ./conftest.exe
configure:8187: $? = 0
configure:8198: result: yes
configure:8211: checking for sys/types.h
configure:8211: gcc -c -g -O2  conftest.c >&5
configure:8211: $? = 0
configure:8211: result: yes
configure:8211: checking for sys/stat.h
configure:8211: gcc -c -g -O2  conftest.c >&5
configure:8211: $? = 0
configure:8211: result: yes
configure:8211: checking for stdlib.h
configure:8211: gcc -c -g -O2  conftest.c >&5
configure:8211: $? = 0
configure:8211: result: yes
configure:8211: checking for string.h
configure:8211: gcc -c -g -O2  conftest.c >&5
configure:8211: $? = 0
configure:8211: result: yes
configure:8211: checking for memory.h
configure:8211: gcc -c -g -O2  conftest.c >&5
configure:8211: $? = 0
configure:8211: result: yes
configure:8211: checking for strings.h
configure:8211: gcc -c -g -O2  conftest.c >&5
configure:8211: $? = 0
configure:8211: result: yes
configure:8211: checking for inttypes.h
configure:8211: gcc -c -g -O2  conftest.c >&5
configure:8211: $? = 0
configure:8211: result: yes
configure:8211: checking for stdint.h
configure:8211: gcc -c -g -O2  conftest.c >&5
configure:8211: $? = 0
configure:8211: result: yes
configure:8211: checking for unistd.h
configure:8211: gcc -c -g -O2  conftest.c >&5
configure:8211: $? = 0
configure:8211: result: yes
configure:8225: checking for dlfcn.h
configure:8225: gcc -c -g -O2  conftest.c >&5
conftest.c:55:19: fatal error: dlfcn.h: No such file or directory
 #include <dlfcn.h>
                   ^
compilation terminated.
configure:8225: $? = 1
configure: failed program was:
| /* confdefs.h */
| #define PACKAGE_NAME "libsamplerate"
| #define PACKAGE_TARNAME "libsamplerate"
| #define PACKAGE_VERSION "0.1.8"
| #define PACKAGE_STRING "libsamplerate 0.1.8"
| #define PACKAGE_BUGREPORT "erikd@mega-nerd.com"
| #define PACKAGE_URL "http://www.mega-nerd.com/libsamplerate/"
| #define PACKAGE "libsamplerate"
| #define VERSION "0.1.8"
| #define STDC_HEADERS 1
| #define HAVE_SYS_TYPES_H 1
| #define HAVE_SYS_STAT_H 1
| #define HAVE_STDLIB_H 1
| #define HAVE_STRING_H 1
| #define HAVE_MEMORY_H 1
| #define HAVE_STRINGS_H 1
| #define HAVE_INTTYPES_H 1
| #define HAVE_STDINT_H 1
| #define HAVE_UNISTD_H 1
| /* end confdefs.h.  */
| #include <stdio.h>
| #ifdef HAVE_SYS_TYPES_H
| # include <sys/types.h>
| #endif
| #ifdef HAVE_SYS_STAT_H
| # include <sys/stat.h>
| #endif
| #ifdef STDC_HEADERS
| # include <stdlib.h>
| # include <stddef.h>
| #else
| # ifdef HAVE_STDLIB_H
| #  include <stdlib.h>
| # endif
| #endif
| #ifdef HAVE_STRING_H
| # if !defined STDC_HEADERS && defined HAVE_MEMORY_H
| #  include <memory.h>
| # endif
| # include <string.h>
| #endif
| #ifdef HAVE_STRINGS_H
| # include <strings.h>
| #endif
| #ifdef HAVE_INTTYPES_H
| # include <inttypes.h>
| #endif
| #ifdef HAVE_STDINT_H
| # include <stdint.h>
| #endif
| #ifdef HAVE_UNISTD_H
| # include <unistd.h>
| #endif
| 
| #include <dlfcn.h>
configure:8225: result: no
configure:8423: checking for objdir
configure:8438: result: .libs
configure:8709: checking if gcc supports -fno-rtti -fno-exceptions
configure:8727: gcc -c -g -O2  -fno-rtti -fno-exceptions conftest.c >&5
cc1.exe: warning: command line option '-fno-rtti' is valid for C++/ObjC++ but not for C
configure:8731: $? = 0
configure:8744: result: no
configure:9054: checking for gcc option to produce PIC
configure:9061: result: -DDLL_EXPORT -DPIC
configure:9069: checking if gcc PIC flag -DDLL_EXPORT -DPIC works
configure:9087: gcc -c -g -O2  -DDLL_EXPORT -DPIC -DPIC conftest.c >&5
configure:9091: $? = 0
configure:9104: result: yes
configure:9133: checking if gcc static flag -static works
configure:9161: result: yes
configure:9176: checking if gcc supports -c -o file.o
configure:9197: gcc -c -g -O2  -o out/conftest2.o conftest.c >&5
configure:9201: $? = 0
configure:9223: result: yes
configure:9231: checking if gcc supports -c -o file.o
configure:9278: result: yes
configure:9311: checking whether the gcc linker (C:/msys64/mingw64/x86_64-w64-mingw32/bin/ld.exe) supports shared libraries
configure:10473: result: yes
configure:10510: checking whether -lc should be explicitly linked in
configure:10518: gcc -c -g -O2  conftest.c >&5
configure:10521: $? = 0
configure:10536: gcc -shared conftest.o  -v -o ./conftest -Wl,--enable-auto-image-base -Xlinker --out-implib -Xlinker conftest 2\>\&1 \| /usr/bin/grep  -lc  \>/dev/null 2\>\&1
configure:10539: $? = 1
configure:10553: result: yes
configure:10718: checking dynamic linker characteristics
configure:11467: result: Win32 ld.exe
configure:11574: checking how to hardcode library paths into programs
configure:11599: result: immediate
configure:12139: checking whether stripping libraries is possible
configure:12144: result: yes
configure:12179: checking if libtool supports shared libraries
configure:12181: result: yes
configure:12184: checking whether to build shared libraries
configure:12205: result: yes
configure:12208: checking whether to build static libraries
configure:12212: result: yes
configure:12235: checking how to run the C++ preprocessor
configure:12262: g++ -E  conftest.cpp
configure:12262: $? = 0
configure:12276: g++ -E  conftest.cpp
conftest.cpp:22:28: fatal error: ac_nonexistent.h: No such file or directory
 #include <ac_nonexistent.h>
                            ^
compilation terminated.
configure:12276: $? = 1
configure: failed program was:
| /* confdefs.h */
| #define PACKAGE_NAME "libsamplerate"
| #define PACKAGE_TARNAME "libsamplerate"
| #define PACKAGE_VERSION "0.1.8"
| #define PACKAGE_STRING "libsamplerate 0.1.8"
| #define PACKAGE_BUGREPORT "erikd@mega-nerd.com"
| #define PACKAGE_URL "http://www.mega-nerd.com/libsamplerate/"
| #define PACKAGE "libsamplerate"
| #define VERSION "0.1.8"
| #define STDC_HEADERS 1
| #define HAVE_SYS_TYPES_H 1
| #define HAVE_SYS_STAT_H 1
| #define HAVE_STDLIB_H 1
| #define HAVE_STRING_H 1
| #define HAVE_MEMORY_H 1
| #define HAVE_STRINGS_H 1
| #define HAVE_INTTYPES_H 1
| #define HAVE_STDINT_H 1
| #define HAVE_UNISTD_H 1
| #define LT_OBJDIR ".libs/"
| /* end confdefs.h.  */
| #include <ac_nonexistent.h>
configure:12301: result: g++ -E
configure:12321: g++ -E  conftest.cpp
configure:12321: $? = 0
configure:12335: g++ -E  conftest.cpp
conftest.cpp:22:28: fatal error: ac_nonexistent.h: No such file or directory
 #include <ac_nonexistent.h>
                            ^
compilation terminated.
configure:12335: $? = 1
configure: failed program was:
| /* confdefs.h */
| #define PACKAGE_NAME "libsamplerate"
| #define PACKAGE_TARNAME "libsamplerate"
| #define PACKAGE_VERSION "0.1.8"
| #define PACKAGE_STRING "libsamplerate 0.1.8"
| #define PACKAGE_BUGREPORT "erikd@mega-nerd.com"
| #define PACKAGE_URL "http://www.mega-nerd.com/libsamplerate/"
| #define PACKAGE "libsamplerate"
| #define VERSION "0.1.8"
| #define STDC_HEADERS 1
| #define HAVE_SYS_TYPES_H 1
| #define HAVE_SYS_STAT_H 1
| #define HAVE_STDLIB_H 1
| #define HAVE_STRING_H 1
| #define HAVE_MEMORY_H 1
| #define HAVE_STRINGS_H 1
| #define HAVE_INTTYPES_H 1
| #define HAVE_STDINT_H 1
| #define HAVE_UNISTD_H 1
| #define LT_OBJDIR ".libs/"
| /* end confdefs.h.  */
| #include <ac_nonexistent.h>
configure:12505: checking for ld used by g++
configure:12572: result: C:/msys64/mingw64/x86_64-w64-mingw32/bin/ld.exe
configure:12579: checking if the linker (C:/msys64/mingw64/x86_64-w64-mingw32/bin/ld.exe) is GNU ld
configure:12594: result: yes
configure:12649: checking whether the g++ linker (C:/msys64/mingw64/x86_64-w64-mingw32/bin/ld.exe) supports shared libraries
configure:13653: result: yes
configure:13688: g++ -c -g -O2  conftest.cpp >&5
configure:13691: $? = 0
configure:14211: checking for g++ option to produce PIC
configure:14218: result: -DDLL_EXPORT -DPIC
configure:14226: checking if g++ PIC flag -DDLL_EXPORT -DPIC works
configure:14244: g++ -c -g -O2  -DDLL_EXPORT -DPIC -DPIC conftest.cpp >&5
configure:14248: $? = 0
configure:14261: result: yes
configure:14284: checking if g++ static flag -static works
configure:14312: result: yes
configure:14324: checking if g++ supports -c -o file.o
configure:14345: g++ -c -g -O2  -o out/conftest2.o conftest.cpp >&5
configure:14349: $? = 0
configure:14371: result: yes
configure:14376: checking if g++ supports -c -o file.o
configure:14423: result: yes
configure:14453: checking whether the g++ linker (C:/msys64/mingw64/x86_64-w64-mingw32/bin/ld.exe) supports shared libraries
configure:14490: result: yes
configure:14633: checking dynamic linker characteristics
configure:15316: result: Win32 ld.exe
configure:15369: checking how to hardcode library paths into programs
configure:15394: result: immediate
configure:15496: checking for windres
configure:15512: found /mingw64/bin/windres
configure:15523: result: windres
configure:15631: checking whether ln -s works
configure:15638: result: no, using cp -p
configure:15665: checking whether make sets $(MAKE)
configure:15687: result: yes
configure:15696: checking whether ln -s works
configure:15703: result: no, using cp -p
configure:15712: checking for dlltool
configure:15739: result: dlltool
configure:15749: checking for dllwrap
configure:15765: found /mingw64/bin/dllwrap
configure:15776: result: dllwrap
configure:15786: checking for pexports
configure:15816: result: no
configure:15823: checking for ANSI C header files
configure:15927: result: yes
configure:15939: checking for stdint.h
configure:15939: result: yes
configure:15939: checking sys/times.h usability
configure:15939: gcc -c -g -O2  conftest.c >&5
conftest.c:57:23: fatal error: sys/times.h: No such file or directory
 #include <sys/times.h>
                       ^
compilation terminated.
configure:15939: $? = 1
configure: failed program was:
| /* confdefs.h */
| #define PACKAGE_NAME "libsamplerate"
| #define PACKAGE_TARNAME "libsamplerate"
| #define PACKAGE_VERSION "0.1.8"
| #define PACKAGE_STRING "libsamplerate 0.1.8"
| #define PACKAGE_BUGREPORT "erikd@mega-nerd.com"
| #define PACKAGE_URL "http://www.mega-nerd.com/libsamplerate/"
| #define PACKAGE "libsamplerate"
| #define VERSION "0.1.8"
| #define STDC_HEADERS 1
| #define HAVE_SYS_TYPES_H 1
| #define HAVE_SYS_STAT_H 1
| #define HAVE_STDLIB_H 1
| #define HAVE_STRING_H 1
| #define HAVE_MEMORY_H 1
| #define HAVE_STRINGS_H 1
| #define HAVE_INTTYPES_H 1
| #define HAVE_STDINT_H 1
| #define HAVE_UNISTD_H 1
| #define LT_OBJDIR ".libs/"
| #define STDC_HEADERS 1
| #define HAVE_STDINT_H 1
| /* end confdefs.h.  */
| #include <stdio.h>
| #ifdef HAVE_SYS_TYPES_H
| # include <sys/types.h>
| #endif
| #ifdef HAVE_SYS_STAT_H
| # include <sys/stat.h>
| #endif
| #ifdef STDC_HEADERS
| # include <stdlib.h>
| # include <stddef.h>
| #else
| # ifdef HAVE_STDLIB_H
| #  include <stdlib.h>
| # endif
| #endif
| #ifdef HAVE_STRING_H
| # if !defined STDC_HEADERS && defined HAVE_MEMORY_H
| #  include <memory.h>
| # endif
| # include <string.h>
| #endif
| #ifdef HAVE_STRINGS_H
| # include <strings.h>
| #endif
| #ifdef HAVE_INTTYPES_H
| # include <inttypes.h>
| #endif
| #ifdef HAVE_STDINT_H
| # include <stdint.h>
| #endif
| #ifdef HAVE_UNISTD_H
| # include <unistd.h>
| #endif
| #include <sys/times.h>
configure:15939: result: no
configure:15939: checking sys/times.h presence
configure:15939: gcc -E  conftest.c
conftest.c:24:23: fatal error: sys/times.h: No such file or directory
 #include <sys/times.h>
                       ^
compilation terminated.
configure:15939: $? = 1
configure: failed program was:
| /* confdefs.h */
| #define PACKAGE_NAME "libsamplerate"
| #define PACKAGE_TARNAME "libsamplerate"
| #define PACKAGE_VERSION "0.1.8"
| #define PACKAGE_STRING "libsamplerate 0.1.8"
| #define PACKAGE_BUGREPORT "erikd@mega-nerd.com"
| #define PACKAGE_URL "http://www.mega-nerd.com/libsamplerate/"
| #define PACKAGE "libsamplerate"
| #define VERSION "0.1.8"
| #define STDC_HEADERS 1
| #define HAVE_SYS_TYPES_H 1
| #define HAVE_SYS_STAT_H 1
| #define HAVE_STDLIB_H 1
| #define HAVE_STRING_H 1
| #define HAVE_MEMORY_H 1
| #define HAVE_STRINGS_H 1
| #define HAVE_INTTYPES_H 1
| #define HAVE_STDINT_H 1
| #define HAVE_UNISTD_H 1
| #define LT_OBJDIR ".libs/"
| #define STDC_HEADERS 1
| #define HAVE_STDINT_H 1
| /* end confdefs.h.  */
| #include <sys/times.h>
configure:15939: result: no
configure:15939: checking for sys/times.h
configure:15939: result: no
configure:16005: checking size of int
configure:16010: gcc -o conftest.exe -g -O2   conftest.c  >&5
